This is e-pTeX, Version 3.14159265-p3.8.3-191112-2.6 (utf8.euc) (TeX Live 2020) (preloaded format=platex 2020.10.28)  21 DEC 2020 15:38
entering extended mode
 restricted \write18 enabled.
 %&-line parsing enabled.
**x
(/usr/local/texlive/2020/texmf-dist/tex/latex/tools/x.tex
pLaTeX2e <2020-10-01>+1 (based on LaTeX2e <2020-10-01> patch level 2)
L3 programming layer <2020-10-05> xparse <2020-03-03>
! .
l.38   \batchmode \errmessage{}
                               \csname @@end\endcsname \end
This error message was generated by an \errmessage
command, so I can't give any explicit help.
Pretend that you're Hercule Poirot: Examine all clues,
and deduce the truth by order and method.

 ) 
Here is how much of TeX's memory you used:
 17 strings out of 480376
 434 string characters out of 5894886
 269413 words of memory out of 5000000
 16915 multiletter control sequences out of 15000+600000
 538959 words of font info for 46 fonts, out of 8000000 for 9000
 929 hyphenation exceptions out of 8191
 21i,0n,26p,81b,13s stack positions out of 5000i,500n,10000p,200000b,80000s

No pages of output.
